\BOOKMARK [-1][-]{part.1}{I\040Part}{}% 1
\BOOKMARK [0][-]{chapter.1}{Über dieses Vorlesungsskript}{part.1}% 2
\BOOKMARK [1][-]{section.1.1}{Quick\040introduction\040to\040Jupyter\040Notebook}{chapter.1}% 3
\BOOKMARK [1][-]{section.1.2}{Einführung in Python}{chapter.1}% 4
\BOOKMARK [-1][-]{part.2}{II\040Grundlagen}{}% 5
\BOOKMARK [0][-]{chapter.2}{Daten analysieren und präsentieren}{part.2}% 6
\BOOKMARK [1][-]{section.2.1}{Zusammenfassung}{chapter.2}% 7
\BOOKMARK [1][-]{section.2.2}{Messdaten\040sammeln\040und\040darstellen}{chapter.2}% 8
\BOOKMARK [2][-]{subsection.2.2.1}{Grundidee}{section.2.2}% 9
\BOOKMARK [2][-]{subsection.2.2.2}{Diagramme\040zeichnen}{section.2.2}% 10
\BOOKMARK [1][-]{section.2.3}{Grundlagen\040der\040Messtechnik}{chapter.2}% 11
\BOOKMARK [2][-]{subsection.2.3.1}{Messen}{section.2.3}% 12
\BOOKMARK [2][-]{subsection.2.3.2}{Wissenschaft\040des\040Messens}{section.2.3}% 13
\BOOKMARK [2][-]{subsection.2.3.3}{Maßeinheiten}{section.2.3}% 14
\BOOKMARK [3][-]{subsubsection*.3}{SI-Einheiten}{subsection.2.3.3}% 15
\BOOKMARK [3][-]{subsubsection*.4}{Abgeleitete / Ergänzende SI-Einheiten}{subsection.2.3.3}% 16
\BOOKMARK [3][-]{subsubsection*.5}{Nicht-SI-Einheiten}{subsection.2.3.3}% 17
\BOOKMARK [3][-]{subsubsection*.6}{Vorsätze und Präfix im SI}{subsection.2.3.3}% 18
\BOOKMARK [3][-]{subsubsection*.7}{Logarithmische\040Einheiten}{subsection.2.3.3}% 19
\BOOKMARK [2][-]{subsection.2.3.4}{Kalibrieren und Eichen \(und Prüfen\)}{section.2.3}% 20
\BOOKMARK [3][-]{subsubsection*.8}{Kalibrieren\040und\040Eichen}{subsection.2.3.4}% 21
\BOOKMARK [3][-]{subsubsection*.9}{Normale}{subsection.2.3.4}% 22
\BOOKMARK [1][-]{section.2.4}{Quellen\040und\040Ursachen\040von\040Messunsicherheiten}{chapter.2}% 23
\BOOKMARK [2][-]{subsection.2.4.1}{Typ A-Unsicherheiten \(“Zufällige Fehler”\)}{section.2.4}% 24
\BOOKMARK [2][-]{subsection.2.4.2}{Typ B-Unsicherheiten \(“Systematische Fehler”\)}{section.2.4}% 25
\BOOKMARK [3][-]{subsubsection*.10}{Anzeigefehler von Messgeräten}{subsection.2.4.2}% 26
\BOOKMARK [3][-]{subsubsection*.11}{Digitalstellenfehler}{subsection.2.4.2}% 27
\BOOKMARK [2][-]{subsection.2.4.3}{Weitere\040Unsicherheiten}{section.2.4}% 28
\BOOKMARK [2][-]{subsection.2.4.4}{Schreibweise\040eines\040Messwertes\040mit\040Messabweichung}{section.2.4}% 29
\BOOKMARK [3][-]{subsubsection*.12}{Signifikante\040Stellen}{subsection.2.4.4}% 30
\BOOKMARK [3][-]{subsubsection*.13}{Grafische\040Darstellung\040eines\040Messwertes\040mit\040Messabweichung}{subsection.2.4.4}% 31
\BOOKMARK [3][-]{subsubsection*.14}{Diskrepanz\040und\040Konsistenz}{subsection.2.4.4}% 32
\BOOKMARK [1][-]{section.2.5}{Mittelwert\040und\040Standardabweichung}{chapter.2}% 33
\BOOKMARK [2][-]{subsection.2.5.1}{Statistische\040Messunsicherheit}{section.2.5}% 34
\BOOKMARK [2][-]{subsection.2.5.2}{Vertrauensintervalle}{section.2.5}% 35
\BOOKMARK [2][-]{subsection.2.5.3}{Korrektur\040bei\040kleinen\040Stichproben:\040Student-t}{section.2.5}% 36
\BOOKMARK [3][-]{subsubsection*.15}{Beispiel:\040Student-t\040Verteilung\040}{subsection.2.5.3}% 37
\BOOKMARK [2][-]{subsection.2.5.4}{Normierte\040Normalverteilung}{section.2.5}% 38
\BOOKMARK [3][-]{subsubsection*.16}{Beispiel: Wahrscheinlichkeit für Zutreffen eines Ereignisses mittels Gauß-Test}{subsection.2.5.4}% 39
\BOOKMARK [2][-]{subsection.2.5.5}{Zusammenfassung zufälliger Unsicherheiten}{section.2.5}% 40
\BOOKMARK [1][-]{section.2.6}{Fortpflanzung\040von\040Messunsicherheiten}{chapter.2}% 41
\BOOKMARK [2][-]{subsection.2.6.1}{Herleitung:\040Taylorentwicklung}{section.2.6}% 42
\BOOKMARK [2][-]{subsection.2.6.2}{Vorzeichen\040bekannt\040\(systematische\040Abweichungen\)}{section.2.6}% 43
\BOOKMARK [2][-]{subsection.2.6.3}{Vorzeichen unbekannt \(systematische unabhängige Abweichungen\) }{section.2.6}% 44
\BOOKMARK [2][-]{subsection.2.6.4}{Zufällige, unabhängigen Variablen }{section.2.6}% 45
\BOOKMARK [2][-]{subsection.2.6.5}{Zufällige, abhängige \(korrelierte\) Variablen }{section.2.6}% 46
\BOOKMARK [3][-]{subsubsection*.17}{Korrelation\040und\040Kovarianz-Matrix}{subsection.2.6.5}% 47
\BOOKMARK [3][-]{subsubsection*.18}{Fehlerfortpflanzung}{subsection.2.6.5}% 48
\BOOKMARK [1][-]{section.2.7}{Kurvenanpassung}{chapter.2}% 49
\BOOKMARK [2][-]{subsection.2.7.1}{Modellanpassung\040}{section.2.7}% 50
\BOOKMARK [3][-]{subsubsection*.19}{Least-Squares:\040Methode\040der\040kleinsten\040Quadrate\040}{subsection.2.7.1}% 51
\BOOKMARK [3][-]{subsubsection*.20}{Bestimmtheitsmaß }{subsection.2.7.1}% 52
\BOOKMARK [3][-]{subsubsection*.21}{Modellanpassung\040mit\040Unsicherheiten\040}{subsection.2.7.1}% 53
\BOOKMARK [3][-]{subsubsection*.22}{Lineare\040Modellanpassung\040}{subsection.2.7.1}% 54
\BOOKMARK [2][-]{subsection.2.7.2}{Beispiel:\040Karussel\040}{section.2.7}% 55
\BOOKMARK [3][-]{subsubsection*.23}{Analytische\040Lineare\040Regression\040}{subsection.2.7.2}% 56
\BOOKMARK [3][-]{subsubsection*.24}{Lineare\040Regression\040mit\040Python:\040scipy\040}{subsection.2.7.2}% 57
\BOOKMARK [3][-]{subsubsection*.25}{Lineare\040Regression\040mit\040Python:\040lmfit\040}{subsection.2.7.2}% 58
\BOOKMARK [3][-]{subsubsection*.26}{Bestimmung\040der\040Geschwindigkeit\040}{subsection.2.7.2}% 59
\BOOKMARK [3][-]{subsubsection*.27}{Unsicherheit\040der\040Geschwindigkeit\040}{subsection.2.7.2}% 60
\BOOKMARK [3][-]{subsubsection*.28}{Korrelationskoeffizient\040}{subsection.2.7.2}% 61
\BOOKMARK [2][-]{subsection.2.7.3}{Beispiel\040mit\040Fehlerbalken\040in\040den\040y-Messwerten\040}{section.2.7}% 62
\BOOKMARK [3][-]{subsubsection*.29}{Minimierungsproblem lösen: Ausprobieren }{subsection.2.7.3}% 63
\BOOKMARK [3][-]{subsubsection*.30}{Kurvenanpassung\040mit\040Python:\040scipy\040}{subsection.2.7.3}% 64
\BOOKMARK [3][-]{subsubsection*.31}{Kurvenanpassung\040mit\040Python:\040lmfit\040}{subsection.2.7.3}% 65
\BOOKMARK [2][-]{subsection.2.7.4}{Zusammenfassung\040}{section.2.7}% 66
\BOOKMARK [0][-]{chapter.3}{Stationäre Messsysteme}{part.2}% 67
\BOOKMARK [1][-]{section.3.1}{Grundstruktur\040eines\040Messsystems}{chapter.3}% 68
\BOOKMARK [1][-]{section.3.2}{Ideale\040Kennlinie}{chapter.3}% 69
\BOOKMARK [2][-]{subsection.3.2.1}{Statische Kenngrößen}{section.3.2}% 70
\BOOKMARK [2][-]{subsection.3.2.2}{Empfindlichkeit}{section.3.2}% 71
\BOOKMARK [2][-]{subsection.3.2.3}{Beispiele}{section.3.2}% 72
\BOOKMARK [3][-]{subsubsection*.32}{Kennlinie\040von\040Widerstandsthermometern}{subsection.3.2.3}% 73
\BOOKMARK [3][-]{subsubsection*.33}{Wunder\040an\040Empfindlichkeit}{subsection.3.2.3}% 74
\BOOKMARK [1][-]{section.3.3}{Reale\040Kennlinie}{chapter.3}% 75
\BOOKMARK [2][-]{subsection.3.3.1}{Kennlinienkorrektur}{section.3.3}% 76
\BOOKMARK [2][-]{subsection.3.3.2}{Kennlinienfehler}{section.3.3}% 77
\BOOKMARK [2][-]{subsection.3.3.3}{Gesamtkennlinie}{section.3.3}% 78
\BOOKMARK [2][-]{subsection.3.3.4}{Messketten-Empfindlichkeit und Auflösung}{section.3.3}% 79
\BOOKMARK [2][-]{subsection.3.3.5}{Herabsetzen\040des\040Messbereichs}{section.3.3}% 80
\BOOKMARK [0][-]{chapter.4}{Messsignale}{part.2}% 81
\BOOKMARK [1][-]{section.4.1}{Grundlagen}{chapter.4}% 82
\BOOKMARK [2][-]{subsection.4.1.1}{Wandlung von physikalischen Größen }{section.4.1}% 83
\BOOKMARK [2][-]{subsection.4.1.2}{Elektromagnetische Wellen als Informationsträger}{section.4.1}% 84
\BOOKMARK [2][-]{subsection.4.1.3}{Wo\040steckt\040die\040Information?\040}{section.4.1}% 85
\BOOKMARK [2][-]{subsection.4.1.4}{Klassifizierung\040von\040Messsignalen\040}{section.4.1}% 86
\BOOKMARK [1][-]{section.4.2}{Kenngrößen}{chapter.4}% 87
\BOOKMARK [2][-]{subsection.4.2.1}{Kenngrößen von Wechselgrößen}{section.4.2}% 88
\BOOKMARK [2][-]{subsection.4.2.2}{Sinusschwingung}{section.4.2}% 89
\BOOKMARK [2][-]{subsection.4.2.3}{Pulsweitenmodulation}{section.4.2}% 90
\BOOKMARK [1][-]{section.4.3}{Digitalisierung}{chapter.4}% 91
\BOOKMARK [2][-]{subsection.4.3.1}{Kennlinie}{section.4.3}% 92
\BOOKMARK [2][-]{subsection.4.3.2}{Quantisierungsabweichung}{section.4.3}% 93
\BOOKMARK [2][-]{subsection.4.3.3}{Nyquist-Shannon-Abtasttheorem\040\(Aliasing\)\040}{section.4.3}% 94
\BOOKMARK [1][-]{section.4.4}{Fourier-Analyse}{chapter.4}% 95
\BOOKMARK [2][-]{subsection.4.4.1}{Fourierreihen}{section.4.4}% 96
\BOOKMARK [2][-]{subsection.4.4.2}{Fourierreihe\040eines\040Rechteckpuls}{section.4.4}% 97
\BOOKMARK [2][-]{subsection.4.4.3}{Fourier-Transformation}{section.4.4}% 98
\BOOKMARK [3][-]{subsubsection*.34}{Eigenschaften}{subsection.4.4.3}% 99
\BOOKMARK [3][-]{subsubsection*.35}{Anwendung}{subsection.4.4.3}% 100
\BOOKMARK [0][-]{chapter.5}{Dynamische\040Messsysteme}{part.2}% 101
\BOOKMARK [1][-]{section.5.1}{Linear\040zeitinvariante\040\(LZI\)\040Systeme}{chapter.5}% 102
\BOOKMARK [2][-]{subsection.5.1.1}{Eigenschaften}{section.5.1}% 103
\BOOKMARK [2][-]{subsection.5.1.2}{System-Identifizierung}{section.5.1}% 104
\BOOKMARK [1][-]{section.5.2}{Differentialgleichung}{chapter.5}% 105
\BOOKMARK [2][-]{subsection.5.2.1}{Aufstellen\040der\040Differentialgleichung}{section.5.2}% 106
\BOOKMARK [2][-]{subsection.5.2.2}{Lösen der Differentialgleichung}{section.5.2}% 107
\BOOKMARK [1][-]{section.5.3}{Impuls-\040und\040Sprungantwort}{chapter.5}% 108
\BOOKMARK [2][-]{subsection.5.3.1}{Interpretation\040der\040Sprungantwort}{section.5.3}% 109
\BOOKMARK [2][-]{subsection.5.3.2}{Impulsantwort\040und\040Faltung\040im\040Zeitraum}{section.5.3}% 110
\BOOKMARK [2][-]{subsection.5.3.3}{Interpretation\040im\040Frequenzraum}{section.5.3}% 111
\BOOKMARK [1][-]{section.5.4}{Übertragungsfunktion}{chapter.5}% 112
\BOOKMARK [2][-]{subsection.5.4.1}{Interpretation\040im\040Frequenzraum}{section.5.4}% 113
\BOOKMARK [2][-]{subsection.5.4.2}{Herleitung der Übertragungsfunktion}{section.5.4}% 114
\BOOKMARK [2][-]{subsection.5.4.3}{Bode\040Diagramm}{section.5.4}% 115
\BOOKMARK [2][-]{subsection.5.4.4}{Kombination von Übertragungsfunktionen: Faltung im Frequenzraum}{section.5.4}% 116
\BOOKMARK [2][-]{subsection.5.4.5}{Anlegen\040von\040Testfunktionen}{section.5.4}% 117
\BOOKMARK [2][-]{subsection.5.4.6}{Verhalten\040von\040Systemen\0402.\040Ordnung}{section.5.4}% 118
\BOOKMARK [2][-]{subsection.5.4.7}{Zusammenfassung}{section.5.4}% 119
\BOOKMARK [-1][-]{part.3}{III\040Sensoren}{}% 120
\BOOKMARK [0][-]{chapter.6}{Messen elektrischer Größen}{part.3}% 121
\BOOKMARK [0][-]{chapter.7}{Sensoren}{part.3}% 122
\BOOKMARK [-1][-]{part.4}{IV\040Tutorials}{}% 123
\BOOKMARK [0][-]{chapter.8}{Übung mit Jupyter Notebooks}{part.4}% 124
\BOOKMARK [1][-]{section.8.1}{Klimadaten\040analysieren\040mit\040Python}{chapter.8}% 125
\BOOKMARK [2][-]{subsection.8.1.1}{Daten einlesen als ‘DataFrame’}{section.8.1}% 126
\BOOKMARK [2][-]{subsection.8.1.2}{Daten plotten mit ‘matplotlib’}{section.8.1}% 127
\BOOKMARK [2][-]{subsection.8.1.3}{Messunsicherheiten als Fehlerbalken hinzufügen}{section.8.1}% 128
\BOOKMARK [2][-]{subsection.8.1.4}{Ausgleichsgerade\040berechnen\040und\040plotten}{section.8.1}% 129
\BOOKMARK [0][-]{chapter*.36}{Bibliography}{part.4}% 130
